[2026-02-19 10:21:46] [info] Business profile updated: Business ID 1
[2026-02-19 10:24:27] [info] User logged out: john@example.com
[2026-02-19 10:25:05] [warning] Failed login attempt for: kevinomosh10000@gmail.com (wrong password)
[2026-02-19 10:25:16] [warning] Failed login attempt for: kevinomosh10000@gmail.com (wrong password)
[2026-02-19 10:25:24] [warning] Failed login attempt for: kevinomosh10000@gmail.com (wrong password)
[2026-02-19 10:25:46] [info] User logged in: kevinomosh10000@gmail.com
[2026-02-19 10:31:00] [info] User logged out: kevinomosh10000@gmail.com
[2026-02-19 10:31:09] [info] User logged in: john@example.com
[2026-02-19 11:17:53] [info] User logged out: john@example.com
[2026-02-19 11:18:06] [info] User logged in: kevinomosh10000@gmail.com
[2026-02-19 11:18:20] [info] User logged out: kevinomosh10000@gmail.com
[2026-02-19 11:18:34] [info] User logged in: john@example.com
[2026-02-19 11:19:48] [info] Order ORD-20260214-49074A status: pending → shipped
[2026-02-19 11:19:51] [error] Email notification for event 'order_shipped' to thewian27@gmail.com resulted in: {"success":false,"error":"Failed to send email. Check PHP mail() configuration.","email":"thewian27@gmail.com"}
[2026-02-19 11:37:38] [info] User logged out: john@example.com
[2026-02-19 11:38:08] [info] User logged in: john@example.com
[2026-02-19 11:38:56] [info] Business profile updated: Business ID 1
[2026-02-19 11:39:06] [info] Notification preferences updated: Business ID 1
[2026-02-19 11:43:20] [info] Business profile updated: Business ID 1
[2026-02-19 11:55:31] [info] User logged out: john@example.com
[2026-02-19 12:11:18] [info] User logged in: john@example.com
[2026-02-19 12:11:40] [info] User logged out: john@example.com
[2026-02-19 12:12:26] [info] User logged in: john@example.com
[2026-02-19 12:12:40] [info] User logged in: john@example.com
[2026-02-19 12:16:45] [warning] Login attempt with non-existent email: asjaks@gmail.com
[2026-02-19 12:19:09] [info] User logged in: john@example.com
[2026-02-19 17:39:57] [info] Notification preferences updated: Business ID 1
[2026-02-19 17:40:03] [info] Business profile updated: Business ID 1
[2026-02-19 17:42:45] [info] User logged out: john@example.com
[2026-02-19 17:43:09] [info] User logged in: john@example.com
[2026-02-19 17:43:58] [info] User logged out: john@example.com
[2026-02-19 17:44:08] [info] User logged in: kevinomosh10000@gmail.com
[2026-02-19 17:44:23] [info] User logged out: kevinomosh10000@gmail.com
[2026-02-19 17:44:32] [info] User logged in: john@example.com
